#! /usr/bin/vvp
:ivl_version "11.0 (stable)";
:ivl_delay_selection "TYPICAL";
:vpi_time_precision + 0;
:vpi_module "/usr/lib/x86_64-linux-gnu/ivl/system.vpi";
:vpi_module "/usr/lib/x86_64-linux-gnu/ivl/vhdl_sys.vpi";
:vpi_module "/usr/lib/x86_64-linux-gnu/ivl/vhdl_textio.vpi";
:vpi_module "/usr/lib/x86_64-linux-gnu/ivl/v2005_math.vpi";
:vpi_module "/usr/lib/x86_64-linux-gnu/ivl/va_math.vpi";
S_0x55c4366171e0 .scope module, "ISE" "ISE" 2 3;
 .timescale 0 0;
P_0x55c436617af0 .param/l "numImagePixels" 0 2 5, +C4<000000000000000000000000000000000000000000000000000000000000000000000000000000000000110000000000>;
P_0x55c436617b30 .param/l "numStringBits" 0 2 6, +C4<00000000000000000000000101011000>;
v0x55c4365f4ba0_0 .var/i "file", 31 0;
v0x55c436642270_0 .var/i "i", 31 0;
v0x55c436642350 .array "imageFile", 0 3071, 7 0;
v0x55c4366423f0 .array "outBuffer", 0 3071, 7 0;
v0x55c4366424b0 .array "textFile", 0 343, 3 0;
    .scope S_0x55c4366171e0;
T_0 ;
    %vpi_call 2 23 "$readmemh", "output.mem", v0x55c436642350 {0 0 0};
    %vpi_call 2 24 "$readmemh", "input_string.mem", v0x55c4366424b0 {0 0 0};
    %pushi/vec4 0, 0, 32;
    %store/vec4 v0x55c436642270_0, 0, 32;
T_0.0 ;
    %load/vec4 v0x55c436642270_0;
    %pad/s 96;
    %cmpi/s 3072, 0, 96;
    %jmp/0xz T_0.1, 5;
    %load/vec4 v0x55c436642270_0;
    %cmpi/s 344, 0, 32;
    %jmp/0xz  T_0.2, 5;
    %ix/getv/s 4, v0x55c436642270_0;
    %load/vec4a v0x55c436642350, 4;
    %parti/s 7, 1, 2;
    %ix/getv/s 4, v0x55c436642270_0;
    %load/vec4a v0x55c4366424b0, 4;
    %parti/s 1, 0, 2;
    %concat/vec4; draw_concat_vec4
    %ix/getv/s 3, v0x55c436642270_0;
    %ix/load 4, 0, 0; Constant delay
    %assign/vec4/a/d v0x55c4366423f0, 0, 4;
    %jmp T_0.3;
T_0.2 ;
    %ix/getv/s 4, v0x55c436642270_0;
    %load/vec4a v0x55c436642350, 4;
    %ix/getv/s 3, v0x55c436642270_0;
    %ix/load 4, 0, 0; Constant delay
    %assign/vec4/a/d v0x55c4366423f0, 0, 4;
T_0.3 ;
    %load/vec4 v0x55c436642270_0;
    %addi 1, 0, 32;
    %store/vec4 v0x55c436642270_0, 0, 32;
    %jmp T_0.0;
T_0.1 ;
    %delay 10000, 0;
    %vpi_func 2 42 "$fopen" 32, "output.txt", "w" {0 0 0};
    %store/vec4 v0x55c4365f4ba0_0, 0, 32;
    %load/vec4 v0x55c4365f4ba0_0;
    %cmpi/e 0, 0, 32;
    %jmp/0xz  T_0.4, 4;
    %vpi_call 2 46 "$display", "Error opening file!" {0 0 0};
T_0.4 ;
    %pushi/vec4 0, 0, 32;
    %store/vec4 v0x55c436642270_0, 0, 32;
T_0.6 ;
    %load/vec4 v0x55c436642270_0;
    %pad/s 96;
    %cmpi/s 3072, 0, 96;
    %jmp/0xz T_0.7, 5;
    %vpi_call 2 52 "$fwrite", v0x55c4365f4ba0_0, "%h\012", &A<v0x55c4366423f0, v0x55c436642270_0 > {0 0 0};
    %load/vec4 v0x55c436642270_0;
    %addi 1, 0, 32;
    %store/vec4 v0x55c436642270_0, 0, 32;
    %jmp T_0.6;
T_0.7 ;
    %vpi_call 2 54 "$fclose", v0x55c4365f4ba0_0 {0 0 0};
    %end;
    .thread T_0;
# The file index is used to find the file name in the following table.
:file_names 3;
    "N/A";
    "<interactive>";
    "ISE.v";
